0 info it worked if it ends with ok
1 verbose cli [ '/Users/nick/.nvm/versions/node/v5.11.1/bin/node',
1 verbose cli   '/Users/nick/.nvm/versions/node/v5.11.1/bin/npm',
1 verbose cli   'run',
1 verbose cli   'build' ]
2 info using npm@3.8.6
3 info using node@v5.11.1
4 verbose run-script [ 'prebuild', 'build', 'postbuild' ]
5 info lifecycle material-ui-example-webpack@0.15.0-alpha.2~prebuild: material-ui-example-webpack@0.15.0-alpha.2
6 silly lifecycle material-ui-example-webpack@0.15.0-alpha.2~prebuild: no script for prebuild, continuing
7 info lifecycle material-ui-example-webpack@0.15.0-alpha.2~build: material-ui-example-webpack@0.15.0-alpha.2
8 verbose lifecycle material-ui-example-webpack@0.15.0-alpha.2~build: unsafe-perm in lifecycle true
9 verbose lifecycle material-ui-example-webpack@0.15.0-alpha.2~build: PATH: /Users/nick/.nvm/versions/node/v5.11.1/lib/node_modules/npm/bin/node-gyp-bin:/Users/nick/workspace/projects/nickmask/node_modules/.bin:/Users/nick/.nvm/versions/node/v5.11.1/bin:/Users/nick/google-cloud-sdk/bin:/Users/nick/.nvm/versions/node/v5.11.1/bin:/usr/local/bin:/usr/bin:/bin:/usr/sbin:/sbin
10 verbose lifecycle material-ui-example-webpack@0.15.0-alpha.2~build: CWD: /Users/nick/workspace/projects/nickmask
11 silly lifecycle material-ui-example-webpack@0.15.0-alpha.2~build: Args: [ '-c',
11 silly lifecycle   'NODE_ENV=production webpack --config webpack-production.config.js --progress --colors' ]
12 silly lifecycle material-ui-example-webpack@0.15.0-alpha.2~build: Returned: code: 1  signal: null
13 info lifecycle material-ui-example-webpack@0.15.0-alpha.2~build: Failed to exec build script
14 verbose stack Error: material-ui-example-webpack@0.15.0-alpha.2 build: `NODE_ENV=production webpack --config webpack-production.config.js --progress --colors`
14 verbose stack Exit status 1
14 verbose stack     at EventEmitter.<anonymous> (/Users/nick/.nvm/versions/node/v5.11.1/lib/node_modules/npm/lib/utils/lifecycle.js:239:16)
14 verbose stack     at emitTwo (events.js:100:13)
14 verbose stack     at EventEmitter.emit (events.js:185:7)
14 verbose stack     at ChildProcess.<anonymous> (/Users/nick/.nvm/versions/node/v5.11.1/lib/node_modules/npm/lib/utils/spawn.js:24:14)
14 verbose stack     at emitTwo (events.js:100:13)
14 verbose stack     at ChildProcess.emit (events.js:185:7)
14 verbose stack     at maybeClose (internal/child_process.js:850:16)
14 verbose stack     at Process.ChildProcess._handle.onexit (internal/child_process.js:215:5)
15 verbose pkgid material-ui-example-webpack@0.15.0-alpha.2
16 verbose cwd /Users/nick/workspace/projects/nickmask
17 error Darwin 15.5.0
18 error argv "/Users/nick/.nvm/versions/node/v5.11.1/bin/node" "/Users/nick/.nvm/versions/node/v5.11.1/bin/npm" "run" "build"
19 error node v5.11.1
20 error npm  v3.8.6
21 error code ELIFECYCLE
22 error material-ui-example-webpack@0.15.0-alpha.2 build: `NODE_ENV=production webpack --config webpack-production.config.js --progress --colors`
22 error Exit status 1
23 error Failed at the material-ui-example-webpack@0.15.0-alpha.2 build script 'NODE_ENV=production webpack --config webpack-production.config.js --progress --colors'.
23 error Make sure you have the latest version of node.js and npm installed.
23 error If you do, this is most likely a problem with the material-ui-example-webpack package,
23 error not with npm itself.
23 error Tell the author that this fails on your system:
23 error     NODE_ENV=production webpack --config webpack-production.config.js --progress --colors
23 error You can get information on how to open an issue for this project with:
23 error     npm bugs material-ui-example-webpack
23 error Or if that isn't available, you can get their info via:
23 error     npm owner ls material-ui-example-webpack
23 error There is likely additional logging output above.
24 verbose exit [ 1, true ]
